Analysis & Elaboration report for Lab4
Tue Oct 17 01:08:41 2023
Quartus Prime Version 22.1std.1 Build 917 02/14/2023 SC Lite Edition


---------------------
; Table of Contents ;
---------------------
  1. Legal Notice
  2. Analysis & Elaboration Summary
  3. Parallel Compilation
  4. Parameter Settings for User Entity Instance: vgaController:vgaCont
  5. Parameter Settings for User Entity Instance: videoGen:videogen
  6. Analysis & Elaboration Settings
  7. Port Connectivity Checks: "busca_minas:busca_minas_inst|tablero:tab_ins"
  8. Analysis & Elaboration Messages



----------------
; Legal Notice ;
----------------
Copyright (C) 2023  Intel Corporation. All rights reserved.
Your use of Intel Corporation's design tools, logic functions 
and other software and tools, and any partner logic 
functions, and any output files from any of the foregoing 
(including device programming or simulation files), and any 
associated documentation or information are expressly subject 
to the terms and conditions of the Intel Program License 
Subscription Agreement, the Intel Quartus Prime License Agreement,
the Intel FPGA IP License Agreement, or other applicable license
agreement, including, without limitation, that your use is for
the sole purpose of programming logic devices manufactured by
Intel and sold by Intel or its authorized distributors.  Please
refer to the applicable agreement for further details, at
https://fpgasoftware.intel.com/eula.



+--------------------------------------------------------------------------------+
; Analysis & Elaboration Summary                                                 ;
+-------------------------------+------------------------------------------------+
; Analysis & Elaboration Status ; Successful - Tue Oct 17 01:08:41 2023          ;
; Quartus Prime Version         ; 22.1std.1 Build 917 02/14/2023 SC Lite Edition ;
; Revision Name                 ; Lab4                                           ;
; Top-level Entity Name         ; minesweeper                                    ;
; Family                        ; Cyclone V                                      ;
; Logic utilization (in ALMs)   ; N/A until Partition Merge                      ;
; Total registers               ; N/A until Partition Merge                      ;
; Total pins                    ; N/A until Partition Merge                      ;
; Total virtual pins            ; N/A until Partition Merge                      ;
; Total block memory bits       ; N/A until Partition Merge                      ;
; Total PLLs                    ; N/A until Partition Merge                      ;
; Total DLLs                    ; N/A until Partition Merge                      ;
+-------------------------------+------------------------------------------------+


+------------------------------------------+
; Parallel Compilation                     ;
+----------------------------+-------------+
; Processors                 ; Number      ;
+----------------------------+-------------+
; Number detected on machine ; 4           ;
; Maximum allowed            ; 2           ;
;                            ;             ;
; Average used               ; 1.00        ;
; Maximum used               ; 1           ;
;                            ;             ;
; Usage by Processor         ; % Time Used ;
;     Processor 1            ; 100.0%      ;
+----------------------------+-------------+


+--------------------------------------------------------------------+
; Parameter Settings for User Entity Instance: vgaController:vgaCont ;
+----------------+-------+-------------------------------------------+
; Parameter Name ; Value ; Type                                      ;
+----------------+-------+-------------------------------------------+
; HACTIVE        ; 640   ; Signed Integer                            ;
; HFP            ; 16    ; Signed Integer                            ;
; HSYN           ; 96    ; Signed Integer                            ;
; HBP            ; 48    ; Signed Integer                            ;
; HMAX           ; 800   ; Signed Integer                            ;
; VBP            ; 32    ; Signed Integer                            ;
; VACTIVE        ; 480   ; Signed Integer                            ;
; VFP            ; 11    ; Signed Integer                            ;
; VSYN           ; 2     ; Signed Integer                            ;
; VMAX           ; 525   ; Signed Integer                            ;
+----------------+-------+-------------------------------------------+
Note: In order to hide this table in the UI and the text report file, please set the "Show Parameter Settings in Synthesis Report" option in "Analysis and Synthesis Settings -> More Settings" to "Off".


+----------------------------------------------------------------+
; Parameter Settings for User Entity Instance: videoGen:videogen ;
+----------------+-------+---------------------------------------+
; Parameter Name ; Value ; Type                                  ;
+----------------+-------+---------------------------------------+
; NUM_COLUMNS    ; 8     ; Signed Integer                        ;
; NUM_ROWS       ; 8     ; Signed Integer                        ;
; SCREEN_WIDTH   ; 637   ; Signed Integer                        ;
; SCREEN_HEIGHT  ; 477   ; Signed Integer                        ;
; CELL_WIDTH     ; 79    ; Signed Integer                        ;
; CELL_HEIGHT    ; 59    ; Signed Integer                        ;
+----------------+-------+---------------------------------------+
Note: In order to hide this table in the UI and the text report file, please set the "Show Parameter Settings in Synthesis Report" option in "Analysis and Synthesis Settings -> More Settings" to "Off".


+---------------------------------------------------------------------------------------------------------------------------+
; Analysis & Elaboration Settings                                                                                           ;
+---------------------------------------------------------------------------------+--------------------+--------------------+
; Option                                                                          ; Setting            ; Default Value      ;
+---------------------------------------------------------------------------------+--------------------+--------------------+
; Device                                                                          ; 5CSEMA5F31C6       ;                    ;
; Top-level entity name                                                           ; minesweeper        ; Lab4               ;
; Family name                                                                     ; Cyclone V          ; Cyclone V          ;
; Use smart compilation                                                           ; Off                ; Off                ;
; Enable parallel Assembler and Timing Analyzer during compilation                ; On                 ; On                 ;
; Enable compact report table                                                     ; Off                ; Off                ;
; Restructure Multiplexers                                                        ; Auto               ; Auto               ;
; MLAB Add Timing Constraints For Mixed-Port Feed-Through Mode Setting Don't Care ; Off                ; Off                ;
; Create Debugging Nodes for IP Cores                                             ; Off                ; Off                ;
; Preserve fewer node names                                                       ; On                 ; On                 ;
; Intel FPGA IP Evaluation Mode                                                   ; Enable             ; Enable             ;
; Verilog Version                                                                 ; Verilog_2001       ; Verilog_2001       ;
; VHDL Version                                                                    ; VHDL_1993          ; VHDL_1993          ;
; State Machine Processing                                                        ; Auto               ; Auto               ;
; Safe State Machine                                                              ; Off                ; Off                ;
; Extract Verilog State Machines                                                  ; On                 ; On                 ;
; Extract VHDL State Machines                                                     ; On                 ; On                 ;
; Ignore Verilog initial constructs                                               ; Off                ; Off                ;
; Iteration limit for constant Verilog loops                                      ; 5000               ; 5000               ;
; Iteration limit for non-constant Verilog loops                                  ; 250                ; 250                ;
; Add Pass-Through Logic to Inferred RAMs                                         ; On                 ; On                 ;
; Infer RAMs from Raw Logic                                                       ; On                 ; On                 ;
; Parallel Synthesis                                                              ; On                 ; On                 ;
; DSP Block Balancing                                                             ; Auto               ; Auto               ;
; NOT Gate Push-Back                                                              ; On                 ; On                 ;
; Power-Up Don't Care                                                             ; On                 ; On                 ;
; Remove Redundant Logic Cells                                                    ; Off                ; Off                ;
; Remove Duplicate Registers                                                      ; On                 ; On                 ;
; Ignore CARRY Buffers                                                            ; Off                ; Off                ;
; Ignore CASCADE Buffers                                                          ; Off                ; Off                ;
; Ignore GLOBAL Buffers                                                           ; Off                ; Off                ;
; Ignore ROW GLOBAL Buffers                                                       ; Off                ; Off                ;
; Ignore LCELL Buffers                                                            ; Off                ; Off                ;
; Ignore SOFT Buffers                                                             ; On                 ; On                 ;
; Limit AHDL Integers to 32 Bits                                                  ; Off                ; Off                ;
; Optimization Technique                                                          ; Balanced           ; Balanced           ;
; Carry Chain Length                                                              ; 70                 ; 70                 ;
; Auto Carry Chains                                                               ; On                 ; On                 ;
; Auto Open-Drain Pins                                                            ; On                 ; On                 ;
; Perform WYSIWYG Primitive Resynthesis                                           ; Off                ; Off                ;
; Auto ROM Replacement                                                            ; On                 ; On                 ;
; Auto RAM Replacement                                                            ; On                 ; On                 ;
; Auto DSP Block Replacement                                                      ; On                 ; On                 ;
; Auto Shift Register Replacement                                                 ; Auto               ; Auto               ;
; Allow Shift Register Merging across Hierarchies                                 ; Auto               ; Auto               ;
; Auto Clock Enable Replacement                                                   ; On                 ; On                 ;
; Strict RAM Replacement                                                          ; Off                ; Off                ;
; Allow Synchronous Control Signals                                               ; On                 ; On                 ;
; Force Use of Synchronous Clear Signals                                          ; Off                ; Off                ;
; Auto Resource Sharing                                                           ; Off                ; Off                ;
; Allow Any RAM Size For Recognition                                              ; Off                ; Off                ;
; Allow Any ROM Size For Recognition                                              ; Off                ; Off                ;
; Allow Any Shift Register Size For Recognition                                   ; Off                ; Off                ;
; Use LogicLock Constraints during Resource Balancing                             ; On                 ; On                 ;
; Ignore translate_off and synthesis_off directives                               ; Off                ; Off                ;
; Timing-Driven Synthesis                                                         ; On                 ; On                 ;
; Report Parameter Settings                                                       ; On                 ; On                 ;
; Report Source Assignments                                                       ; On                 ; On                 ;
; Report Connectivity Checks                                                      ; On                 ; On                 ;
; Ignore Maximum Fan-Out Assignments                                              ; Off                ; Off                ;
; Synchronization Register Chain Length                                           ; 3                  ; 3                  ;
; Power Optimization During Synthesis                                             ; Normal compilation ; Normal compilation ;
; HDL message level                                                               ; Level2             ; Level2             ;
; Suppress Register Optimization Related Messages                                 ; Off                ; Off                ;
; Number of Removed Registers Reported in Synthesis Report                        ; 5000               ; 5000               ;
; Number of Swept Nodes Reported in Synthesis Report                              ; 5000               ; 5000               ;
; Number of Inverted Registers Reported in Synthesis Report                       ; 100                ; 100                ;
; Clock MUX Protection                                                            ; On                 ; On                 ;
; Auto Gated Clock Conversion                                                     ; Off                ; Off                ;
; Block Design Naming                                                             ; Auto               ; Auto               ;
; SDC constraint protection                                                       ; Off                ; Off                ;
; Synthesis Effort                                                                ; Auto               ; Auto               ;
; Shift Register Replacement - Allow Asynchronous Clear Signal                    ; On                 ; On                 ;
; Pre-Mapping Resynthesis Optimization                                            ; Off                ; Off                ;
; Analysis & Synthesis Message Level                                              ; Medium             ; Medium             ;
; Disable Register Merging Across Hierarchies                                     ; Auto               ; Auto               ;
; Resource Aware Inference For Block RAM                                          ; On                 ; On                 ;
; Automatic Parallel Synthesis                                                    ; On                 ; On                 ;
; Partial Reconfiguration Bitstream ID                                            ; Off                ; Off                ;
+---------------------------------------------------------------------------------+--------------------+--------------------+


+-------------------------------------------------------------------------------------------------------------------------------+
; Port Connectivity Checks: "busca_minas:busca_minas_inst|tablero:tab_ins"                                                      ;
+---------------------+--------+----------+-------------------------------------------------------------------------------------+
; Port                ; Type   ; Severity ; Details                                                                             ;
+---------------------+--------+----------+-------------------------------------------------------------------------------------+
; game_board_revealed ; Output ; Info     ; Connected to dangling logic. Logic that only feeds a dangling port will be removed. ;
; game_board_adjacent ; Output ; Info     ; Connected to dangling logic. Logic that only feeds a dangling port will be removed. ;
+---------------------+--------+----------+-------------------------------------------------------------------------------------+


+---------------------------------+
; Analysis & Elaboration Messages ;
+---------------------------------+
Info: *******************************************************************
Info: Running Quartus Prime Analysis & Elaboration
    Info: Version 22.1std.1 Build 917 02/14/2023 SC Lite Edition
    Info: Processing started: Tue Oct 17 01:08:21 2023
Info: Command: quartus_map --read_settings_files=on --write_settings_files=off Lab4 -c Lab4 --analysis_and_elaboration
Warning (18236): Number of processors has not been specified which may cause overloading on shared machines.  Set the global assignment NUM_PARALLEL_PROCESSORS in your QSF to an appropriate value for best performance.
Info (20030): Parallel compilation is enabled and will use 2 of the 2 processors detected
Info (12021): Found 1 design units, including 1 entities, in source file tablero.sv
    Info (12023): Found entity 1: tablero File: C:/Users/ASUS/OneDrive - Estudiantes ITCR/Documentos/GitHub/dcastro_gchacon_jsantamaria_digital_design_lab_2023/Laboratorio 4/tablero.sv Line: 1
Info (12021): Found 1 design units, including 1 entities, in source file randomgenerator.sv
    Info (12023): Found entity 1: RandomGenerator File: C:/Users/ASUS/OneDrive - Estudiantes ITCR/Documentos/GitHub/dcastro_gchacon_jsantamaria_digital_design_lab_2023/Laboratorio 4/RandomGenerator.sv Line: 1
Info (12021): Found 1 design units, including 1 entities, in source file minesweeper.sv
    Info (12023): Found entity 1: minesweeper File: C:/Users/ASUS/OneDrive - Estudiantes ITCR/Documentos/GitHub/dcastro_gchacon_jsantamaria_digital_design_lab_2023/Laboratorio 4/minesweeper.sv Line: 1
Info (12021): Found 1 design units, including 1 entities, in source file busca_minas_tb.sv
    Info (12023): Found entity 1: busca_minas_tb File: C:/Users/ASUS/OneDrive - Estudiantes ITCR/Documentos/GitHub/dcastro_gchacon_jsantamaria_digital_design_lab_2023/Laboratorio 4/busca_minas_tb.sv Line: 1
Info (12021): Found 1 design units, including 1 entities, in source file busca_minas.sv
    Info (12023): Found entity 1: busca_minas File: C:/Users/ASUS/OneDrive - Estudiantes ITCR/Documentos/GitHub/dcastro_gchacon_jsantamaria_digital_design_lab_2023/Laboratorio 4/busca_minas.sv Line: 1
Info (12021): Found 1 design units, including 1 entities, in source file clockdivider.sv
    Info (12023): Found entity 1: ClockDivider File: C:/Users/ASUS/OneDrive - Estudiantes ITCR/Documentos/GitHub/dcastro_gchacon_jsantamaria_digital_design_lab_2023/Laboratorio 4/ClockDivider.sv Line: 1
Warning (12019): Can't analyze file -- file FSM.sv is missing
Info (12021): Found 1 design units, including 1 entities, in source file vgacontroller.sv
    Info (12023): Found entity 1: vgaController File: C:/Users/ASUS/OneDrive - Estudiantes ITCR/Documentos/GitHub/dcastro_gchacon_jsantamaria_digital_design_lab_2023/Laboratorio 4/vgaController.sv Line: 1
Info (12021): Found 1 design units, including 1 entities, in source file videogen.sv
    Info (12023): Found entity 1: videoGen File: C:/Users/ASUS/OneDrive - Estudiantes ITCR/Documentos/GitHub/dcastro_gchacon_jsantamaria_digital_design_lab_2023/Laboratorio 4/videoGen.sv Line: 1
Info (12127): Elaborating entity "minesweeper" for the top level hierarchy
Info (12128): Elaborating entity "ClockDivider" for hierarchy "ClockDivider:divider" File: C:/Users/ASUS/OneDrive - Estudiantes ITCR/Documentos/GitHub/dcastro_gchacon_jsantamaria_digital_design_lab_2023/Laboratorio 4/minesweeper.sv Line: 17
Info (12128): Elaborating entity "busca_minas" for hierarchy "busca_minas:busca_minas_inst" File: C:/Users/ASUS/OneDrive - Estudiantes ITCR/Documentos/GitHub/dcastro_gchacon_jsantamaria_digital_design_lab_2023/Laboratorio 4/minesweeper.sv Line: 28
Warning (10036): Verilog HDL or VHDL warning at busca_minas.sv(24): object "game_board_revealed" assigned a value but never read File: C:/Users/ASUS/OneDrive - Estudiantes ITCR/Documentos/GitHub/dcastro_gchacon_jsantamaria_digital_design_lab_2023/Laboratorio 4/busca_minas.sv Line: 24
Warning (10036): Verilog HDL or VHDL warning at busca_minas.sv(25): object "game_board_adjacent" assigned a value but never read File: C:/Users/ASUS/OneDrive - Estudiantes ITCR/Documentos/GitHub/dcastro_gchacon_jsantamaria_digital_design_lab_2023/Laboratorio 4/busca_minas.sv Line: 25
Warning (10235): Verilog HDL Always Construct warning at busca_minas.sv(94): variable "x" is read inside the Always Construct but isn't in the Always Construct's Event Control File: C:/Users/ASUS/OneDrive - Estudiantes ITCR/Documentos/GitHub/dcastro_gchacon_jsantamaria_digital_design_lab_2023/Laboratorio 4/busca_minas.sv Line: 94
Warning (10235): Verilog HDL Always Construct warning at busca_minas.sv(98): variable "x" is read inside the Always Construct but isn't in the Always Construct's Event Control File: C:/Users/ASUS/OneDrive - Estudiantes ITCR/Documentos/GitHub/dcastro_gchacon_jsantamaria_digital_design_lab_2023/Laboratorio 4/busca_minas.sv Line: 98
Warning (10235): Verilog HDL Always Construct warning at busca_minas.sv(103): variable "y" is read inside the Always Construct but isn't in the Always Construct's Event Control File: C:/Users/ASUS/OneDrive - Estudiantes ITCR/Documentos/GitHub/dcastro_gchacon_jsantamaria_digital_design_lab_2023/Laboratorio 4/busca_minas.sv Line: 103
Warning (10235): Verilog HDL Always Construct warning at busca_minas.sv(107): variable "y" is read inside the Always Construct but isn't in the Always Construct's Event Control File: C:/Users/ASUS/OneDrive - Estudiantes ITCR/Documentos/GitHub/dcastro_gchacon_jsantamaria_digital_design_lab_2023/Laboratorio 4/busca_minas.sv Line: 107
Warning (10240): Verilog HDL Always Construct warning at busca_minas.sv(91): inferring latch(es) for variable "x", which holds its previous value in one or more paths through the always construct File: C:/Users/ASUS/OneDrive - Estudiantes ITCR/Documentos/GitHub/dcastro_gchacon_jsantamaria_digital_design_lab_2023/Laboratorio 4/busca_minas.sv Line: 91
Warning (10240): Verilog HDL Always Construct warning at busca_minas.sv(91): inferring latch(es) for variable "y", which holds its previous value in one or more paths through the always construct File: C:/Users/ASUS/OneDrive - Estudiantes ITCR/Documentos/GitHub/dcastro_gchacon_jsantamaria_digital_design_lab_2023/Laboratorio 4/busca_minas.sv Line: 91
Info (10041): Inferred latch for "y[0]" at busca_minas.sv(102) File: C:/Users/ASUS/OneDrive - Estudiantes ITCR/Documentos/GitHub/dcastro_gchacon_jsantamaria_digital_design_lab_2023/Laboratorio 4/busca_minas.sv Line: 102
Info (10041): Inferred latch for "y[1]" at busca_minas.sv(102) File: C:/Users/ASUS/OneDrive - Estudiantes ITCR/Documentos/GitHub/dcastro_gchacon_jsantamaria_digital_design_lab_2023/Laboratorio 4/busca_minas.sv Line: 102
Info (10041): Inferred latch for "y[2]" at busca_minas.sv(102) File: C:/Users/ASUS/OneDrive - Estudiantes ITCR/Documentos/GitHub/dcastro_gchacon_jsantamaria_digital_design_lab_2023/Laboratorio 4/busca_minas.sv Line: 102
Info (10041): Inferred latch for "y[3]" at busca_minas.sv(102) File: C:/Users/ASUS/OneDrive - Estudiantes ITCR/Documentos/GitHub/dcastro_gchacon_jsantamaria_digital_design_lab_2023/Laboratorio 4/busca_minas.sv Line: 102
Info (10041): Inferred latch for "y[4]" at busca_minas.sv(102) File: C:/Users/ASUS/OneDrive - Estudiantes ITCR/Documentos/GitHub/dcastro_gchacon_jsantamaria_digital_design_lab_2023/Laboratorio 4/busca_minas.sv Line: 102
Info (10041): Inferred latch for "y[5]" at busca_minas.sv(102) File: C:/Users/ASUS/OneDrive - Estudiantes ITCR/Documentos/GitHub/dcastro_gchacon_jsantamaria_digital_design_lab_2023/Laboratorio 4/busca_minas.sv Line: 102
Info (10041): Inferred latch for "y[6]" at busca_minas.sv(102) File: C:/Users/ASUS/OneDrive - Estudiantes ITCR/Documentos/GitHub/dcastro_gchacon_jsantamaria_digital_design_lab_2023/Laboratorio 4/busca_minas.sv Line: 102
Info (10041): Inferred latch for "y[7]" at busca_minas.sv(102) File: C:/Users/ASUS/OneDrive - Estudiantes ITCR/Documentos/GitHub/dcastro_gchacon_jsantamaria_digital_design_lab_2023/Laboratorio 4/busca_minas.sv Line: 102
Info (10041): Inferred latch for "y[8]" at busca_minas.sv(102) File: C:/Users/ASUS/OneDrive - Estudiantes ITCR/Documentos/GitHub/dcastro_gchacon_jsantamaria_digital_design_lab_2023/Laboratorio 4/busca_minas.sv Line: 102
Info (10041): Inferred latch for "y[9]" at busca_minas.sv(102) File: C:/Users/ASUS/OneDrive - Estudiantes ITCR/Documentos/GitHub/dcastro_gchacon_jsantamaria_digital_design_lab_2023/Laboratorio 4/busca_minas.sv Line: 102
Info (10041): Inferred latch for "y[10]" at busca_minas.sv(102) File: C:/Users/ASUS/OneDrive - Estudiantes ITCR/Documentos/GitHub/dcastro_gchacon_jsantamaria_digital_design_lab_2023/Laboratorio 4/busca_minas.sv Line: 102
Info (10041): Inferred latch for "y[11]" at busca_minas.sv(102) File: C:/Users/ASUS/OneDrive - Estudiantes ITCR/Documentos/GitHub/dcastro_gchacon_jsantamaria_digital_design_lab_2023/Laboratorio 4/busca_minas.sv Line: 102
Info (10041): Inferred latch for "y[12]" at busca_minas.sv(102) File: C:/Users/ASUS/OneDrive - Estudiantes ITCR/Documentos/GitHub/dcastro_gchacon_jsantamaria_digital_design_lab_2023/Laboratorio 4/busca_minas.sv Line: 102
Info (10041): Inferred latch for "y[13]" at busca_minas.sv(102) File: C:/Users/ASUS/OneDrive - Estudiantes ITCR/Documentos/GitHub/dcastro_gchacon_jsantamaria_digital_design_lab_2023/Laboratorio 4/busca_minas.sv Line: 102
Info (10041): Inferred latch for "y[14]" at busca_minas.sv(102) File: C:/Users/ASUS/OneDrive - Estudiantes ITCR/Documentos/GitHub/dcastro_gchacon_jsantamaria_digital_design_lab_2023/Laboratorio 4/busca_minas.sv Line: 102
Info (10041): Inferred latch for "y[15]" at busca_minas.sv(102) File: C:/Users/ASUS/OneDrive - Estudiantes ITCR/Documentos/GitHub/dcastro_gchacon_jsantamaria_digital_design_lab_2023/Laboratorio 4/busca_minas.sv Line: 102
Info (10041): Inferred latch for "y[16]" at busca_minas.sv(102) File: C:/Users/ASUS/OneDrive - Estudiantes ITCR/Documentos/GitHub/dcastro_gchacon_jsantamaria_digital_design_lab_2023/Laboratorio 4/busca_minas.sv Line: 102
Info (10041): Inferred latch for "y[17]" at busca_minas.sv(102) File: C:/Users/ASUS/OneDrive - Estudiantes ITCR/Documentos/GitHub/dcastro_gchacon_jsantamaria_digital_design_lab_2023/Laboratorio 4/busca_minas.sv Line: 102
Info (10041): Inferred latch for "y[18]" at busca_minas.sv(102) File: C:/Users/ASUS/OneDrive - Estudiantes ITCR/Documentos/GitHub/dcastro_gchacon_jsantamaria_digital_design_lab_2023/Laboratorio 4/busca_minas.sv Line: 102
Info (10041): Inferred latch for "y[19]" at busca_minas.sv(102) File: C:/Users/ASUS/OneDrive - Estudiantes ITCR/Documentos/GitHub/dcastro_gchacon_jsantamaria_digital_design_lab_2023/Laboratorio 4/busca_minas.sv Line: 102
Info (10041): Inferred latch for "y[20]" at busca_minas.sv(102) File: C:/Users/ASUS/OneDrive - Estudiantes ITCR/Documentos/GitHub/dcastro_gchacon_jsantamaria_digital_design_lab_2023/Laboratorio 4/busca_minas.sv Line: 102
Info (10041): Inferred latch for "y[21]" at busca_minas.sv(102) File: C:/Users/ASUS/OneDrive - Estudiantes ITCR/Documentos/GitHub/dcastro_gchacon_jsantamaria_digital_design_lab_2023/Laboratorio 4/busca_minas.sv Line: 102
Info (10041): Inferred latch for "y[22]" at busca_minas.sv(102) File: C:/Users/ASUS/OneDrive - Estudiantes ITCR/Documentos/GitHub/dcastro_gchacon_jsantamaria_digital_design_lab_2023/Laboratorio 4/busca_minas.sv Line: 102
Info (10041): Inferred latch for "y[23]" at busca_minas.sv(102) File: C:/Users/ASUS/OneDrive - Estudiantes ITCR/Documentos/GitHub/dcastro_gchacon_jsantamaria_digital_design_lab_2023/Laboratorio 4/busca_minas.sv Line: 102
Info (10041): Inferred latch for "y[24]" at busca_minas.sv(102) File: C:/Users/ASUS/OneDrive - Estudiantes ITCR/Documentos/GitHub/dcastro_gchacon_jsantamaria_digital_design_lab_2023/Laboratorio 4/busca_minas.sv Line: 102
Info (10041): Inferred latch for "y[25]" at busca_minas.sv(102) File: C:/Users/ASUS/OneDrive - Estudiantes ITCR/Documentos/GitHub/dcastro_gchacon_jsantamaria_digital_design_lab_2023/Laboratorio 4/busca_minas.sv Line: 102
Info (10041): Inferred latch for "y[26]" at busca_minas.sv(102) File: C:/Users/ASUS/OneDrive - Estudiantes ITCR/Documentos/GitHub/dcastro_gchacon_jsantamaria_digital_design_lab_2023/Laboratorio 4/busca_minas.sv Line: 102
Info (10041): Inferred latch for "y[27]" at busca_minas.sv(102) File: C:/Users/ASUS/OneDrive - Estudiantes ITCR/Documentos/GitHub/dcastro_gchacon_jsantamaria_digital_design_lab_2023/Laboratorio 4/busca_minas.sv Line: 102
Info (10041): Inferred latch for "y[28]" at busca_minas.sv(102) File: C:/Users/ASUS/OneDrive - Estudiantes ITCR/Documentos/GitHub/dcastro_gchacon_jsantamaria_digital_design_lab_2023/Laboratorio 4/busca_minas.sv Line: 102
Info (10041): Inferred latch for "y[29]" at busca_minas.sv(102) File: C:/Users/ASUS/OneDrive - Estudiantes ITCR/Documentos/GitHub/dcastro_gchacon_jsantamaria_digital_design_lab_2023/Laboratorio 4/busca_minas.sv Line: 102
Info (10041): Inferred latch for "y[30]" at busca_minas.sv(102) File: C:/Users/ASUS/OneDrive - Estudiantes ITCR/Documentos/GitHub/dcastro_gchacon_jsantamaria_digital_design_lab_2023/Laboratorio 4/busca_minas.sv Line: 102
Info (10041): Inferred latch for "y[31]" at busca_minas.sv(102) File: C:/Users/ASUS/OneDrive - Estudiantes ITCR/Documentos/GitHub/dcastro_gchacon_jsantamaria_digital_design_lab_2023/Laboratorio 4/busca_minas.sv Line: 102
Info (10041): Inferred latch for "x[0]" at busca_minas.sv(93) File: C:/Users/ASUS/OneDrive - Estudiantes ITCR/Documentos/GitHub/dcastro_gchacon_jsantamaria_digital_design_lab_2023/Laboratorio 4/busca_minas.sv Line: 93
Info (10041): Inferred latch for "x[1]" at busca_minas.sv(93) File: C:/Users/ASUS/OneDrive - Estudiantes ITCR/Documentos/GitHub/dcastro_gchacon_jsantamaria_digital_design_lab_2023/Laboratorio 4/busca_minas.sv Line: 93
Info (10041): Inferred latch for "x[2]" at busca_minas.sv(93) File: C:/Users/ASUS/OneDrive - Estudiantes ITCR/Documentos/GitHub/dcastro_gchacon_jsantamaria_digital_design_lab_2023/Laboratorio 4/busca_minas.sv Line: 93
Info (10041): Inferred latch for "x[3]" at busca_minas.sv(93) File: C:/Users/ASUS/OneDrive - Estudiantes ITCR/Documentos/GitHub/dcastro_gchacon_jsantamaria_digital_design_lab_2023/Laboratorio 4/busca_minas.sv Line: 93
Info (10041): Inferred latch for "x[4]" at busca_minas.sv(93) File: C:/Users/ASUS/OneDrive - Estudiantes ITCR/Documentos/GitHub/dcastro_gchacon_jsantamaria_digital_design_lab_2023/Laboratorio 4/busca_minas.sv Line: 93
Info (10041): Inferred latch for "x[5]" at busca_minas.sv(93) File: C:/Users/ASUS/OneDrive - Estudiantes ITCR/Documentos/GitHub/dcastro_gchacon_jsantamaria_digital_design_lab_2023/Laboratorio 4/busca_minas.sv Line: 93
Info (10041): Inferred latch for "x[6]" at busca_minas.sv(93) File: C:/Users/ASUS/OneDrive - Estudiantes ITCR/Documentos/GitHub/dcastro_gchacon_jsantamaria_digital_design_lab_2023/Laboratorio 4/busca_minas.sv Line: 93
Info (10041): Inferred latch for "x[7]" at busca_minas.sv(93) File: C:/Users/ASUS/OneDrive - Estudiantes ITCR/Documentos/GitHub/dcastro_gchacon_jsantamaria_digital_design_lab_2023/Laboratorio 4/busca_minas.sv Line: 93
Info (10041): Inferred latch for "x[8]" at busca_minas.sv(93) File: C:/Users/ASUS/OneDrive - Estudiantes ITCR/Documentos/GitHub/dcastro_gchacon_jsantamaria_digital_design_lab_2023/Laboratorio 4/busca_minas.sv Line: 93
Info (10041): Inferred latch for "x[9]" at busca_minas.sv(93) File: C:/Users/ASUS/OneDrive - Estudiantes ITCR/Documentos/GitHub/dcastro_gchacon_jsantamaria_digital_design_lab_2023/Laboratorio 4/busca_minas.sv Line: 93
Info (10041): Inferred latch for "x[10]" at busca_minas.sv(93) File: C:/Users/ASUS/OneDrive - Estudiantes ITCR/Documentos/GitHub/dcastro_gchacon_jsantamaria_digital_design_lab_2023/Laboratorio 4/busca_minas.sv Line: 93
Info (10041): Inferred latch for "x[11]" at busca_minas.sv(93) File: C:/Users/ASUS/OneDrive - Estudiantes ITCR/Documentos/GitHub/dcastro_gchacon_jsantamaria_digital_design_lab_2023/Laboratorio 4/busca_minas.sv Line: 93
Info (10041): Inferred latch for "x[12]" at busca_minas.sv(93) File: C:/Users/ASUS/OneDrive - Estudiantes ITCR/Documentos/GitHub/dcastro_gchacon_jsantamaria_digital_design_lab_2023/Laboratorio 4/busca_minas.sv Line: 93
Info (10041): Inferred latch for "x[13]" at busca_minas.sv(93) File: C:/Users/ASUS/OneDrive - Estudiantes ITCR/Documentos/GitHub/dcastro_gchacon_jsantamaria_digital_design_lab_2023/Laboratorio 4/busca_minas.sv Line: 93
Info (10041): Inferred latch for "x[14]" at busca_minas.sv(93) File: C:/Users/ASUS/OneDrive - Estudiantes ITCR/Documentos/GitHub/dcastro_gchacon_jsantamaria_digital_design_lab_2023/Laboratorio 4/busca_minas.sv Line: 93
Info (10041): Inferred latch for "x[15]" at busca_minas.sv(93) File: C:/Users/ASUS/OneDrive - Estudiantes ITCR/Documentos/GitHub/dcastro_gchacon_jsantamaria_digital_design_lab_2023/Laboratorio 4/busca_minas.sv Line: 93
Info (10041): Inferred latch for "x[16]" at busca_minas.sv(93) File: C:/Users/ASUS/OneDrive - Estudiantes ITCR/Documentos/GitHub/dcastro_gchacon_jsantamaria_digital_design_lab_2023/Laboratorio 4/busca_minas.sv Line: 93
Info (10041): Inferred latch for "x[17]" at busca_minas.sv(93) File: C:/Users/ASUS/OneDrive - Estudiantes ITCR/Documentos/GitHub/dcastro_gchacon_jsantamaria_digital_design_lab_2023/Laboratorio 4/busca_minas.sv Line: 93
Info (10041): Inferred latch for "x[18]" at busca_minas.sv(93) File: C:/Users/ASUS/OneDrive - Estudiantes ITCR/Documentos/GitHub/dcastro_gchacon_jsantamaria_digital_design_lab_2023/Laboratorio 4/busca_minas.sv Line: 93
Info (10041): Inferred latch for "x[19]" at busca_minas.sv(93) File: C:/Users/ASUS/OneDrive - Estudiantes ITCR/Documentos/GitHub/dcastro_gchacon_jsantamaria_digital_design_lab_2023/Laboratorio 4/busca_minas.sv Line: 93
Info (10041): Inferred latch for "x[20]" at busca_minas.sv(93) File: C:/Users/ASUS/OneDrive - Estudiantes ITCR/Documentos/GitHub/dcastro_gchacon_jsantamaria_digital_design_lab_2023/Laboratorio 4/busca_minas.sv Line: 93
Info (10041): Inferred latch for "x[21]" at busca_minas.sv(93) File: C:/Users/ASUS/OneDrive - Estudiantes ITCR/Documentos/GitHub/dcastro_gchacon_jsantamaria_digital_design_lab_2023/Laboratorio 4/busca_minas.sv Line: 93
Info (10041): Inferred latch for "x[22]" at busca_minas.sv(93) File: C:/Users/ASUS/OneDrive - Estudiantes ITCR/Documentos/GitHub/dcastro_gchacon_jsantamaria_digital_design_lab_2023/Laboratorio 4/busca_minas.sv Line: 93
Info (10041): Inferred latch for "x[23]" at busca_minas.sv(93) File: C:/Users/ASUS/OneDrive - Estudiantes ITCR/Documentos/GitHub/dcastro_gchacon_jsantamaria_digital_design_lab_2023/Laboratorio 4/busca_minas.sv Line: 93
Info (10041): Inferred latch for "x[24]" at busca_minas.sv(93) File: C:/Users/ASUS/OneDrive - Estudiantes ITCR/Documentos/GitHub/dcastro_gchacon_jsantamaria_digital_design_lab_2023/Laboratorio 4/busca_minas.sv Line: 93
Info (10041): Inferred latch for "x[25]" at busca_minas.sv(93) File: C:/Users/ASUS/OneDrive - Estudiantes ITCR/Documentos/GitHub/dcastro_gchacon_jsantamaria_digital_design_lab_2023/Laboratorio 4/busca_minas.sv Line: 93
Info (10041): Inferred latch for "x[26]" at busca_minas.sv(93) File: C:/Users/ASUS/OneDrive - Estudiantes ITCR/Documentos/GitHub/dcastro_gchacon_jsantamaria_digital_design_lab_2023/Laboratorio 4/busca_minas.sv Line: 93
Info (10041): Inferred latch for "x[27]" at busca_minas.sv(93) File: C:/Users/ASUS/OneDrive - Estudiantes ITCR/Documentos/GitHub/dcastro_gchacon_jsantamaria_digital_design_lab_2023/Laboratorio 4/busca_minas.sv Line: 93
Info (10041): Inferred latch for "x[28]" at busca_minas.sv(93) File: C:/Users/ASUS/OneDrive - Estudiantes ITCR/Documentos/GitHub/dcastro_gchacon_jsantamaria_digital_design_lab_2023/Laboratorio 4/busca_minas.sv Line: 93
Info (10041): Inferred latch for "x[29]" at busca_minas.sv(93) File: C:/Users/ASUS/OneDrive - Estudiantes ITCR/Documentos/GitHub/dcastro_gchacon_jsantamaria_digital_design_lab_2023/Laboratorio 4/busca_minas.sv Line: 93
Info (10041): Inferred latch for "x[30]" at busca_minas.sv(93) File: C:/Users/ASUS/OneDrive - Estudiantes ITCR/Documentos/GitHub/dcastro_gchacon_jsantamaria_digital_design_lab_2023/Laboratorio 4/busca_minas.sv Line: 93
Info (10041): Inferred latch for "x[31]" at busca_minas.sv(93) File: C:/Users/ASUS/OneDrive - Estudiantes ITCR/Documentos/GitHub/dcastro_gchacon_jsantamaria_digital_design_lab_2023/Laboratorio 4/busca_minas.sv Line: 93
Info (10008): Verilog HDL or VHDL information: EDA Netlist Writer cannot regroup multidimensional array "game_board_adjacent" into its bus
Info (12128): Elaborating entity "RandomGenerator" for hierarchy "busca_minas:busca_minas_inst|RandomGenerator:r_inst" File: C:/Users/ASUS/OneDrive - Estudiantes ITCR/Documentos/GitHub/dcastro_gchacon_jsantamaria_digital_design_lab_2023/Laboratorio 4/busca_minas.sv Line: 36
Info (12128): Elaborating entity "tablero" for hierarchy "busca_minas:busca_minas_inst|tablero:tab_ins" File: C:/Users/ASUS/OneDrive - Estudiantes ITCR/Documentos/GitHub/dcastro_gchacon_jsantamaria_digital_design_lab_2023/Laboratorio 4/busca_minas.sv Line: 49
Warning (10230): Verilog HDL assignment warning at tablero.sv(21): truncated value with size 6 to match size of target (1) File: C:/Users/ASUS/OneDrive - Estudiantes ITCR/Documentos/GitHub/dcastro_gchacon_jsantamaria_digital_design_lab_2023/Laboratorio 4/tablero.sv Line: 21
Info (10648): Verilog HDL Display System Task info at tablero.sv(22): AAAAAAAAAAA: File: C:/Users/ASUS/OneDrive - Estudiantes ITCR/Documentos/GitHub/dcastro_gchacon_jsantamaria_digital_design_lab_2023/Laboratorio 4/tablero.sv Line: 22
Info (10648): Verilog HDL Display System Task info at tablero.sv(23): 1'b. File: C:/Users/ASUS/OneDrive - Estudiantes ITCR/Documentos/GitHub/dcastro_gchacon_jsantamaria_digital_design_lab_2023/Laboratorio 4/tablero.sv Line: 23
Info (10648): Verilog HDL Display System Task info at tablero.sv(31): tablero en blanco!!!!!!!!!!!!!!!!! File: C:/Users/ASUS/OneDrive - Estudiantes ITCR/Documentos/GitHub/dcastro_gchacon_jsantamaria_digital_design_lab_2023/Laboratorio 4/tablero.sv Line: 31
Warning (10855): Verilog HDL warning at tablero.sv(20): initial value for variable prev_total_mines should be constant File: C:/Users/ASUS/OneDrive - Estudiantes ITCR/Documentos/GitHub/dcastro_gchacon_jsantamaria_digital_design_lab_2023/Laboratorio 4/tablero.sv Line: 20
Warning (10230): Verilog HDL assignment warning at tablero.sv(42): truncated value with size 6 to match size of target (1) File: C:/Users/ASUS/OneDrive - Estudiantes ITCR/Documentos/GitHub/dcastro_gchacon_jsantamaria_digital_design_lab_2023/Laboratorio 4/tablero.sv Line: 42
Info (10008): Verilog HDL or VHDL information: EDA Netlist Writer cannot regroup multidimensional array "game_board_adjacent" into its bus
Info (10008): Verilog HDL or VHDL information: EDA Netlist Writer cannot regroup multidimensional array "game_board_adjacent" into its bus
Info (12128): Elaborating entity "vgaController" for hierarchy "vgaController:vgaCont" File: C:/Users/ASUS/OneDrive - Estudiantes ITCR/Documentos/GitHub/dcastro_gchacon_jsantamaria_digital_design_lab_2023/Laboratorio 4/minesweeper.sv Line: 29
Warning (10230): Verilog HDL assignment warning at vgaController.sv(27): truncated value with size 32 to match size of target (10) File: C:/Users/ASUS/OneDrive - Estudiantes ITCR/Documentos/GitHub/dcastro_gchacon_jsantamaria_digital_design_lab_2023/Laboratorio 4/vgaController.sv Line: 27
Warning (10230): Verilog HDL assignment warning at vgaController.sv(30): truncated value with size 32 to match size of target (10) File: C:/Users/ASUS/OneDrive - Estudiantes ITCR/Documentos/GitHub/dcastro_gchacon_jsantamaria_digital_design_lab_2023/Laboratorio 4/vgaController.sv Line: 30
Info (12128): Elaborating entity "videoGen" for hierarchy "videoGen:videogen" File: C:/Users/ASUS/OneDrive - Estudiantes ITCR/Documentos/GitHub/dcastro_gchacon_jsantamaria_digital_design_lab_2023/Laboratorio 4/minesweeper.sv Line: 30
Info: Quartus Prime Analysis & Elaboration was successful. 0 errors, 15 warnings
    Info: Peak virtual memory: 4801 megabytes
    Info: Processing ended: Tue Oct 17 01:08:41 2023
    Info: Elapsed time: 00:00:20
    Info: Total CPU time (on all processors): 00:00:24


