Analysis & Elaboration report for ALU
Mon Sep 11 20:28:50 2023
Quartus Prime Version 22.1std.1 Build 917 02/14/2023 SC Lite Edition


---------------------
; Table of Contents ;
---------------------
  1. Legal Notice
  2. Analysis & Elaboration Summary
  3. Parallel Compilation
  4. Parameter Settings for User Entity Instance: Top-level Entity: |ALU
  5. Parameter Settings for User Entity Instance: Multiplexor:mux_1
  6. Parameter Settings for User Entity Instance: full_adder:adder
  7. Parameter Settings for User Entity Instance: substractor:tractor
  8. Parameter Settings for User Entity Instance: multiplier:multip
  9. Parameter Settings for User Entity Instance: divider:divid
 10. Parameter Settings for User Entity Instance: mod:moder
 11. Parameter Settings for User Entity Instance: and_gate:agate
 12. Parameter Settings for User Entity Instance: or_gate:ogate
 13. Parameter Settings for User Entity Instance: xor_gate:xgate
 14. Analysis & Elaboration Settings
 15. Port Connectivity Checks: "shifting:shiftrght"
 16. Port Connectivity Checks: "shifting:shiftlft"
 17. Port Connectivity Checks: "full_adder:adder"
 18. Analysis & Elaboration Messages
 19. Analysis & Elaboration Suppressed Messages



----------------
; Legal Notice ;
----------------
Copyright (C) 2023  Intel Corporation. All rights reserved.
Your use of Intel Corporation's design tools, logic functions 
and other software and tools, and any partner logic 
functions, and any output files from any of the foregoing 
(including device programming or simulation files), and any 
associated documentation or information are expressly subject 
to the terms and conditions of the Intel Program License 
Subscription Agreement, the Intel Quartus Prime License Agreement,
the Intel FPGA IP License Agreement, or other applicable license
agreement, including, without limitation, that your use is for
the sole purpose of programming logic devices manufactured by
Intel and sold by Intel or its authorized distributors.  Please
refer to the applicable agreement for further details, at
https://fpgasoftware.intel.com/eula.



+--------------------------------------------------------------------------------+
; Analysis & Elaboration Summary                                                 ;
+-------------------------------+------------------------------------------------+
; Analysis & Elaboration Status ; Successful - Mon Sep 11 20:28:50 2023          ;
; Quartus Prime Version         ; 22.1std.1 Build 917 02/14/2023 SC Lite Edition ;
; Revision Name                 ; ALU                                            ;
; Top-level Entity Name         ; ALU                                            ;
; Family                        ; Cyclone V                                      ;
; Logic utilization (in ALMs)   ; N/A until Partition Merge                      ;
; Total registers               ; N/A until Partition Merge                      ;
; Total pins                    ; N/A until Partition Merge                      ;
; Total virtual pins            ; N/A until Partition Merge                      ;
; Total block memory bits       ; N/A until Partition Merge                      ;
; Total PLLs                    ; N/A until Partition Merge                      ;
; Total DLLs                    ; N/A until Partition Merge                      ;
+-------------------------------+------------------------------------------------+


+------------------------------------------+
; Parallel Compilation                     ;
+----------------------------+-------------+
; Processors                 ; Number      ;
+----------------------------+-------------+
; Number detected on machine ; 4           ;
; Maximum allowed            ; 2           ;
;                            ;             ;
; Average used               ; 1.00        ;
; Maximum used               ; 1           ;
;                            ;             ;
; Usage by Processor         ; % Time Used ;
;     Processor 1            ; 100.0%      ;
+----------------------------+-------------+


+---------------------------------------------------------------------+
; Parameter Settings for User Entity Instance: Top-level Entity: |ALU ;
+----------------+-------+--------------------------------------------+
; Parameter Name ; Value ; Type                                       ;
+----------------+-------+--------------------------------------------+
; M              ; 4     ; Signed Integer                             ;
+----------------+-------+--------------------------------------------+
Note: In order to hide this table in the UI and the text report file, please set the "Show Parameter Settings in Synthesis Report" option in "Analysis and Synthesis Settings -> More Settings" to "Off".


+----------------------------------------------------------------+
; Parameter Settings for User Entity Instance: Multiplexor:mux_1 ;
+----------------+-------+---------------------------------------+
; Parameter Name ; Value ; Type                                  ;
+----------------+-------+---------------------------------------+
; N              ; 4     ; Signed Integer                        ;
+----------------+-------+---------------------------------------+
Note: In order to hide this table in the UI and the text report file, please set the "Show Parameter Settings in Synthesis Report" option in "Analysis and Synthesis Settings -> More Settings" to "Off".


+---------------------------------------------------------------+
; Parameter Settings for User Entity Instance: full_adder:adder ;
+----------------+-------+--------------------------------------+
; Parameter Name ; Value ; Type                                 ;
+----------------+-------+--------------------------------------+
; N              ; 4     ; Signed Integer                       ;
+----------------+-------+--------------------------------------+
Note: In order to hide this table in the UI and the text report file, please set the "Show Parameter Settings in Synthesis Report" option in "Analysis and Synthesis Settings -> More Settings" to "Off".


+------------------------------------------------------------------+
; Parameter Settings for User Entity Instance: substractor:tractor ;
+----------------+-------+-----------------------------------------+
; Parameter Name ; Value ; Type                                    ;
+----------------+-------+-----------------------------------------+
; N              ; 4     ; Signed Integer                          ;
+----------------+-------+-----------------------------------------+
Note: In order to hide this table in the UI and the text report file, please set the "Show Parameter Settings in Synthesis Report" option in "Analysis and Synthesis Settings -> More Settings" to "Off".


+----------------------------------------------------------------+
; Parameter Settings for User Entity Instance: multiplier:multip ;
+----------------+-------+---------------------------------------+
; Parameter Name ; Value ; Type                                  ;
+----------------+-------+---------------------------------------+
; N              ; 4     ; Signed Integer                        ;
+----------------+-------+---------------------------------------+
Note: In order to hide this table in the UI and the text report file, please set the "Show Parameter Settings in Synthesis Report" option in "Analysis and Synthesis Settings -> More Settings" to "Off".


+------------------------------------------------------------+
; Parameter Settings for User Entity Instance: divider:divid ;
+----------------+-------+-----------------------------------+
; Parameter Name ; Value ; Type                              ;
+----------------+-------+-----------------------------------+
; N              ; 4     ; Signed Integer                    ;
+----------------+-------+-----------------------------------+
Note: In order to hide this table in the UI and the text report file, please set the "Show Parameter Settings in Synthesis Report" option in "Analysis and Synthesis Settings -> More Settings" to "Off".


+--------------------------------------------------------+
; Parameter Settings for User Entity Instance: mod:moder ;
+----------------+-------+-------------------------------+
; Parameter Name ; Value ; Type                          ;
+----------------+-------+-------------------------------+
; N              ; 4     ; Signed Integer                ;
+----------------+-------+-------------------------------+
Note: In order to hide this table in the UI and the text report file, please set the "Show Parameter Settings in Synthesis Report" option in "Analysis and Synthesis Settings -> More Settings" to "Off".


+-------------------------------------------------------------+
; Parameter Settings for User Entity Instance: and_gate:agate ;
+----------------+-------+------------------------------------+
; Parameter Name ; Value ; Type                               ;
+----------------+-------+------------------------------------+
; N              ; 4     ; Signed Integer                     ;
+----------------+-------+------------------------------------+
Note: In order to hide this table in the UI and the text report file, please set the "Show Parameter Settings in Synthesis Report" option in "Analysis and Synthesis Settings -> More Settings" to "Off".


+------------------------------------------------------------+
; Parameter Settings for User Entity Instance: or_gate:ogate ;
+----------------+-------+-----------------------------------+
; Parameter Name ; Value ; Type                              ;
+----------------+-------+-----------------------------------+
; N              ; 4     ; Signed Integer                    ;
+----------------+-------+-----------------------------------+
Note: In order to hide this table in the UI and the text report file, please set the "Show Parameter Settings in Synthesis Report" option in "Analysis and Synthesis Settings -> More Settings" to "Off".


+-------------------------------------------------------------+
; Parameter Settings for User Entity Instance: xor_gate:xgate ;
+----------------+-------+------------------------------------+
; Parameter Name ; Value ; Type                               ;
+----------------+-------+------------------------------------+
; N              ; 4     ; Signed Integer                     ;
+----------------+-------+------------------------------------+
Note: In order to hide this table in the UI and the text report file, please set the "Show Parameter Settings in Synthesis Report" option in "Analysis and Synthesis Settings -> More Settings" to "Off".


+---------------------------------------------------------------------------------------------------------------------------+
; Analysis & Elaboration Settings                                                                                           ;
+---------------------------------------------------------------------------------+--------------------+--------------------+
; Option                                                                          ; Setting            ; Default Value      ;
+---------------------------------------------------------------------------------+--------------------+--------------------+
; Device                                                                          ; 5CSEMA5F31C6       ;                    ;
; Top-level entity name                                                           ; ALU                ; ALU                ;
; Family name                                                                     ; Cyclone V          ; Cyclone V          ;
; Use smart compilation                                                           ; Off                ; Off                ;
; Enable parallel Assembler and Timing Analyzer during compilation                ; On                 ; On                 ;
; Enable compact report table                                                     ; Off                ; Off                ;
; Restructure Multiplexers                                                        ; Auto               ; Auto               ;
; MLAB Add Timing Constraints For Mixed-Port Feed-Through Mode Setting Don't Care ; Off                ; Off                ;
; Create Debugging Nodes for IP Cores                                             ; Off                ; Off                ;
; Preserve fewer node names                                                       ; On                 ; On                 ;
; Intel FPGA IP Evaluation Mode                                                   ; Enable             ; Enable             ;
; Verilog Version                                                                 ; Verilog_2001       ; Verilog_2001       ;
; VHDL Version                                                                    ; VHDL_1993          ; VHDL_1993          ;
; State Machine Processing                                                        ; Auto               ; Auto               ;
; Safe State Machine                                                              ; Off                ; Off                ;
; Extract Verilog State Machines                                                  ; On                 ; On                 ;
; Extract VHDL State Machines                                                     ; On                 ; On                 ;
; Ignore Verilog initial constructs                                               ; Off                ; Off                ;
; Iteration limit for constant Verilog loops                                      ; 5000               ; 5000               ;
; Iteration limit for non-constant Verilog loops                                  ; 250                ; 250                ;
; Add Pass-Through Logic to Inferred RAMs                                         ; On                 ; On                 ;
; Infer RAMs from Raw Logic                                                       ; On                 ; On                 ;
; Parallel Synthesis                                                              ; On                 ; On                 ;
; DSP Block Balancing                                                             ; Auto               ; Auto               ;
; NOT Gate Push-Back                                                              ; On                 ; On                 ;
; Power-Up Don't Care                                                             ; On                 ; On                 ;
; Remove Redundant Logic Cells                                                    ; Off                ; Off                ;
; Remove Duplicate Registers                                                      ; On                 ; On                 ;
; Ignore CARRY Buffers                                                            ; Off                ; Off                ;
; Ignore CASCADE Buffers                                                          ; Off                ; Off                ;
; Ignore GLOBAL Buffers                                                           ; Off                ; Off                ;
; Ignore ROW GLOBAL Buffers                                                       ; Off                ; Off                ;
; Ignore LCELL Buffers                                                            ; Off                ; Off                ;
; Ignore SOFT Buffers                                                             ; On                 ; On                 ;
; Limit AHDL Integers to 32 Bits                                                  ; Off                ; Off                ;
; Optimization Technique                                                          ; Balanced           ; Balanced           ;
; Carry Chain Length                                                              ; 70                 ; 70                 ;
; Auto Carry Chains                                                               ; On                 ; On                 ;
; Auto Open-Drain Pins                                                            ; On                 ; On                 ;
; Perform WYSIWYG Primitive Resynthesis                                           ; Off                ; Off                ;
; Auto ROM Replacement                                                            ; On                 ; On                 ;
; Auto RAM Replacement                                                            ; On                 ; On                 ;
; Auto DSP Block Replacement                                                      ; On                 ; On                 ;
; Auto Shift Register Replacement                                                 ; Auto               ; Auto               ;
; Allow Shift Register Merging across Hierarchies                                 ; Auto               ; Auto               ;
; Auto Clock Enable Replacement                                                   ; On                 ; On                 ;
; Strict RAM Replacement                                                          ; Off                ; Off                ;
; Allow Synchronous Control Signals                                               ; On                 ; On                 ;
; Force Use of Synchronous Clear Signals                                          ; Off                ; Off                ;
; Auto Resource Sharing                                                           ; Off                ; Off                ;
; Allow Any RAM Size For Recognition                                              ; Off                ; Off                ;
; Allow Any ROM Size For Recognition                                              ; Off                ; Off                ;
; Allow Any Shift Register Size For Recognition                                   ; Off                ; Off                ;
; Use LogicLock Constraints during Resource Balancing                             ; On                 ; On                 ;
; Ignore translate_off and synthesis_off directives                               ; Off                ; Off                ;
; Timing-Driven Synthesis                                                         ; On                 ; On                 ;
; Report Parameter Settings                                                       ; On                 ; On                 ;
; Report Source Assignments                                                       ; On                 ; On                 ;
; Report Connectivity Checks                                                      ; On                 ; On                 ;
; Ignore Maximum Fan-Out Assignments                                              ; Off                ; Off                ;
; Synchronization Register Chain Length                                           ; 3                  ; 3                  ;
; Power Optimization During Synthesis                                             ; Normal compilation ; Normal compilation ;
; HDL message level                                                               ; Level2             ; Level2             ;
; Suppress Register Optimization Related Messages                                 ; Off                ; Off                ;
; Number of Removed Registers Reported in Synthesis Report                        ; 5000               ; 5000               ;
; Number of Swept Nodes Reported in Synthesis Report                              ; 5000               ; 5000               ;
; Number of Inverted Registers Reported in Synthesis Report                       ; 100                ; 100                ;
; Clock MUX Protection                                                            ; On                 ; On                 ;
; Auto Gated Clock Conversion                                                     ; Off                ; Off                ;
; Block Design Naming                                                             ; Auto               ; Auto               ;
; SDC constraint protection                                                       ; Off                ; Off                ;
; Synthesis Effort                                                                ; Auto               ; Auto               ;
; Shift Register Replacement - Allow Asynchronous Clear Signal                    ; On                 ; On                 ;
; Pre-Mapping Resynthesis Optimization                                            ; Off                ; Off                ;
; Analysis & Synthesis Message Level                                              ; Medium             ; Medium             ;
; Disable Register Merging Across Hierarchies                                     ; Auto               ; Auto               ;
; Resource Aware Inference For Block RAM                                          ; On                 ; On                 ;
; Automatic Parallel Synthesis                                                    ; On                 ; On                 ;
; Partial Reconfiguration Bitstream ID                                            ; Off                ; Off                ;
+---------------------------------------------------------------------------------+--------------------+--------------------+


+---------------------------------------------------------------------------------------------------------------------------------------------------------------------------------------------------------------------+
; Port Connectivity Checks: "shifting:shiftrght"                                                                                                                                                                      ;
+-------------+-------+----------+------------------------------------------------------------------------------------------------------------------------------------------------------------------------------------+
; Port        ; Type  ; Severity ; Details                                                                                                                                                                            ;
+-------------+-------+----------+------------------------------------------------------------------------------------------------------------------------------------------------------------------------------------+
; shifter     ; Input ; Warning  ; Input port expression (32 bits) is wider than the input port (1 bits) it drives.  The 31 most-significant bit(s) in the expression will be dangling if they have no other fanouts. ;
; shifter[-1] ; Input ; Info     ; Stuck at VCC                                                                                                                                                                       ;
+-------------+-------+----------+------------------------------------------------------------------------------------------------------------------------------------------------------------------------------------+


+---------------------------------------------------------------------------------------------------------------------------------------------------------------------------------------------------------------------+
; Port Connectivity Checks: "shifting:shiftlft"                                                                                                                                                                       ;
+-------------+-------+----------+------------------------------------------------------------------------------------------------------------------------------------------------------------------------------------+
; Port        ; Type  ; Severity ; Details                                                                                                                                                                            ;
+-------------+-------+----------+------------------------------------------------------------------------------------------------------------------------------------------------------------------------------------+
; shifter     ; Input ; Warning  ; Input port expression (32 bits) is wider than the input port (1 bits) it drives.  The 31 most-significant bit(s) in the expression will be dangling if they have no other fanouts. ;
; shifter[-1] ; Input ; Info     ; Stuck at GND                                                                                                                                                                       ;
+-------------+-------+----------+------------------------------------------------------------------------------------------------------------------------------------------------------------------------------------+


+----------------------------------------------+
; Port Connectivity Checks: "full_adder:adder" ;
+------+-------+----------+--------------------+
; Port ; Type  ; Severity ; Details            ;
+------+-------+----------+--------------------+
; c_in ; Input ; Info     ; Stuck at GND       ;
+------+-------+----------+--------------------+


+---------------------------------+
; Analysis & Elaboration Messages ;
+---------------------------------+
Info: *******************************************************************
Info: Running Quartus Prime Analysis & Elaboration
    Info: Version 22.1std.1 Build 917 02/14/2023 SC Lite Edition
    Info: Processing started: Mon Sep 11 20:28:41 2023
Info: Command: quartus_map --read_settings_files=on --write_settings_files=off ALU -c ALU --analysis_and_elaboration
Warning (18236): Number of processors has not been specified which may cause overloading on shared machines.  Set the global assignment NUM_PARALLEL_PROCESSORS in your QSF to an appropriate value for best performance.
Info (20030): Parallel compilation is enabled and will use 2 of the 2 processors detected
Info (12021): Found 1 design units, including 1 entities, in source file timeanalyzer_tb.sv
    Info (12023): Found entity 1: TimeAnalyzer_TB File: C:/Users/ASUS/OneDrive - Estudiantes ITCR/Documentos/Laboratorio_3/Experimento_1/TimeAnalyzer_TB.sv Line: 1
Info (12021): Found 1 design units, including 1 entities, in source file timeanalyzer.sv
    Info (12023): Found entity 1: TimeAnalyzer File: C:/Users/ASUS/OneDrive - Estudiantes ITCR/Documentos/Laboratorio_3/Experimento_1/TimeAnalyzer.sv Line: 1
Info (12021): Found 2 design units, including 2 entities, in source file registers.sv
    Info (12023): Found entity 1: InputRegister File: C:/Users/ASUS/OneDrive - Estudiantes ITCR/Documentos/Laboratorio_3/Experimento_1/Registers.sv Line: 1
    Info (12023): Found entity 2: OutputRegister File: C:/Users/ASUS/OneDrive - Estudiantes ITCR/Documentos/Laboratorio_3/Experimento_1/Registers.sv Line: 24
Warning (12019): Can't analyze file -- file ALU_TB.sv is missing
Info (12021): Found 1 design units, including 1 entities, in source file alu.sv
    Info (12023): Found entity 1: ALU File: C:/Users/ASUS/OneDrive - Estudiantes ITCR/Documentos/Laboratorio_3/Experimento_1/ALU.sv Line: 1
Info (12021): Found 1 design units, including 1 entities, in source file opcodeconverter.sv
    Info (12023): Found entity 1: OpcodeConverter File: C:/Users/ASUS/OneDrive - Estudiantes ITCR/Documentos/Laboratorio_3/Experimento_1/OpcodeConverter.sv Line: 1
Info (12021): Found 1 design units, including 1 entities, in source file displayconverter.sv
    Info (12023): Found entity 1: DisplayConverter File: C:/Users/ASUS/OneDrive - Estudiantes ITCR/Documentos/Laboratorio_3/Experimento_1/DisplayConverter.sv Line: 1
Info (12021): Found 10 design units, including 10 entities, in source file functions.sv
    Info (12023): Found entity 1: and_gate File: C:/Users/ASUS/OneDrive - Estudiantes ITCR/Documentos/Laboratorio_3/Experimento_1/Functions.sv Line: 2
    Info (12023): Found entity 2: not_gate File: C:/Users/ASUS/OneDrive - Estudiantes ITCR/Documentos/Laboratorio_3/Experimento_1/Functions.sv Line: 13
    Info (12023): Found entity 3: or_gate File: C:/Users/ASUS/OneDrive - Estudiantes ITCR/Documentos/Laboratorio_3/Experimento_1/Functions.sv Line: 24
    Info (12023): Found entity 4: xor_gate File: C:/Users/ASUS/OneDrive - Estudiantes ITCR/Documentos/Laboratorio_3/Experimento_1/Functions.sv Line: 35
    Info (12023): Found entity 5: divider File: C:/Users/ASUS/OneDrive - Estudiantes ITCR/Documentos/Laboratorio_3/Experimento_1/Functions.sv Line: 48
    Info (12023): Found entity 6: mod File: C:/Users/ASUS/OneDrive - Estudiantes ITCR/Documentos/Laboratorio_3/Experimento_1/Functions.sv Line: 77
    Info (12023): Found entity 7: full_adder File: C:/Users/ASUS/OneDrive - Estudiantes ITCR/Documentos/Laboratorio_3/Experimento_1/Functions.sv Line: 88
    Info (12023): Found entity 8: substractor File: C:/Users/ASUS/OneDrive - Estudiantes ITCR/Documentos/Laboratorio_3/Experimento_1/Functions.sv Line: 101
    Info (12023): Found entity 9: multiplier File: C:/Users/ASUS/OneDrive - Estudiantes ITCR/Documentos/Laboratorio_3/Experimento_1/Functions.sv Line: 114
    Info (12023): Found entity 10: shifting File: C:/Users/ASUS/OneDrive - Estudiantes ITCR/Documentos/Laboratorio_3/Experimento_1/Functions.sv Line: 135
Info (12021): Found 1 design units, including 1 entities, in source file opcode.sv
    Info (12023): Found entity 1: Opcode File: C:/Users/ASUS/OneDrive - Estudiantes ITCR/Documentos/Laboratorio_3/Experimento_1/Opcode.sv Line: 1
Info (12021): Found 1 design units, including 1 entities, in source file multiplexor.sv
    Info (12023): Found entity 1: Multiplexor File: C:/Users/ASUS/OneDrive - Estudiantes ITCR/Documentos/Laboratorio_3/Experimento_1/Multiplexor.sv Line: 1
Warning (10236): Verilog HDL Implicit Net warning at TimeAnalyzer.sv(19): created implicit net for "trigg" File: C:/Users/ASUS/OneDrive - Estudiantes ITCR/Documentos/Laboratorio_3/Experimento_1/TimeAnalyzer.sv Line: 19
Warning (10236): Verilog HDL Implicit Net warning at TimeAnalyzer.sv(20): created implicit net for "res" File: C:/Users/ASUS/OneDrive - Estudiantes ITCR/Documentos/Laboratorio_3/Experimento_1/TimeAnalyzer.sv Line: 20
Warning (10236): Verilog HDL Implicit Net warning at DisplayConverter.sv(6): created implicit net for "A" File: C:/Users/ASUS/OneDrive - Estudiantes ITCR/Documentos/Laboratorio_3/Experimento_1/DisplayConverter.sv Line: 6
Warning (10236): Verilog HDL Implicit Net warning at DisplayConverter.sv(7): created implicit net for "B" File: C:/Users/ASUS/OneDrive - Estudiantes ITCR/Documentos/Laboratorio_3/Experimento_1/DisplayConverter.sv Line: 7
Warning (10236): Verilog HDL Implicit Net warning at DisplayConverter.sv(8): created implicit net for "C" File: C:/Users/ASUS/OneDrive - Estudiantes ITCR/Documentos/Laboratorio_3/Experimento_1/DisplayConverter.sv Line: 8
Warning (10236): Verilog HDL Implicit Net warning at DisplayConverter.sv(9): created implicit net for "D" File: C:/Users/ASUS/OneDrive - Estudiantes ITCR/Documentos/Laboratorio_3/Experimento_1/DisplayConverter.sv Line: 9
Info (12127): Elaborating entity "ALU" for the top level hierarchy
Info (12128): Elaborating entity "Opcode" for hierarchy "Opcode:opcode0" File: C:/Users/ASUS/OneDrive - Estudiantes ITCR/Documentos/Laboratorio_3/Experimento_1/ALU.sv Line: 37
Info (12128): Elaborating entity "OpcodeConverter" for hierarchy "OpcodeConverter:opcodeconverter" File: C:/Users/ASUS/OneDrive - Estudiantes ITCR/Documentos/Laboratorio_3/Experimento_1/ALU.sv Line: 42
Info (12128): Elaborating entity "Multiplexor" for hierarchy "Multiplexor:mux_1" File: C:/Users/ASUS/OneDrive - Estudiantes ITCR/Documentos/Laboratorio_3/Experimento_1/ALU.sv Line: 46
Warning (10240): Verilog HDL Always Construct warning at Multiplexor.sv(24): inferring latch(es) for variable "out_alu_aux", which holds its previous value in one or more paths through the always construct File: C:/Users/ASUS/OneDrive - Estudiantes ITCR/Documentos/Laboratorio_3/Experimento_1/Multiplexor.sv Line: 24
Warning (10240): Verilog HDL Always Construct warning at Multiplexor.sv(24): inferring latch(es) for variable "out_alu", which holds its previous value in one or more paths through the always construct File: C:/Users/ASUS/OneDrive - Estudiantes ITCR/Documentos/Laboratorio_3/Experimento_1/Multiplexor.sv Line: 24
Info (10041): Inferred latch for "out_alu_aux[0]" at Multiplexor.sv(24) File: C:/Users/ASUS/OneDrive - Estudiantes ITCR/Documentos/Laboratorio_3/Experimento_1/Multiplexor.sv Line: 24
Info (10041): Inferred latch for "out_alu_aux[1]" at Multiplexor.sv(24) File: C:/Users/ASUS/OneDrive - Estudiantes ITCR/Documentos/Laboratorio_3/Experimento_1/Multiplexor.sv Line: 24
Info (10041): Inferred latch for "out_alu_aux[2]" at Multiplexor.sv(24) File: C:/Users/ASUS/OneDrive - Estudiantes ITCR/Documentos/Laboratorio_3/Experimento_1/Multiplexor.sv Line: 24
Info (10041): Inferred latch for "out_alu_aux[3]" at Multiplexor.sv(24) File: C:/Users/ASUS/OneDrive - Estudiantes ITCR/Documentos/Laboratorio_3/Experimento_1/Multiplexor.sv Line: 24
Info (10041): Inferred latch for "out_alu[0]" at Multiplexor.sv(47) File: C:/Users/ASUS/OneDrive - Estudiantes ITCR/Documentos/Laboratorio_3/Experimento_1/Multiplexor.sv Line: 47
Info (10041): Inferred latch for "out_alu[1]" at Multiplexor.sv(47) File: C:/Users/ASUS/OneDrive - Estudiantes ITCR/Documentos/Laboratorio_3/Experimento_1/Multiplexor.sv Line: 47
Info (10041): Inferred latch for "out_alu[2]" at Multiplexor.sv(47) File: C:/Users/ASUS/OneDrive - Estudiantes ITCR/Documentos/Laboratorio_3/Experimento_1/Multiplexor.sv Line: 47
Info (10041): Inferred latch for "out_alu[3]" at Multiplexor.sv(47) File: C:/Users/ASUS/OneDrive - Estudiantes ITCR/Documentos/Laboratorio_3/Experimento_1/Multiplexor.sv Line: 47
Info (12128): Elaborating entity "full_adder" for hierarchy "full_adder:adder" File: C:/Users/ASUS/OneDrive - Estudiantes ITCR/Documentos/Laboratorio_3/Experimento_1/ALU.sv Line: 48
Info (12128): Elaborating entity "substractor" for hierarchy "substractor:tractor" File: C:/Users/ASUS/OneDrive - Estudiantes ITCR/Documentos/Laboratorio_3/Experimento_1/ALU.sv Line: 49
Info (12128): Elaborating entity "multiplier" for hierarchy "multiplier:multip" File: C:/Users/ASUS/OneDrive - Estudiantes ITCR/Documentos/Laboratorio_3/Experimento_1/ALU.sv Line: 50
Info (12128): Elaborating entity "divider" for hierarchy "divider:divid" File: C:/Users/ASUS/OneDrive - Estudiantes ITCR/Documentos/Laboratorio_3/Experimento_1/ALU.sv Line: 52
Info (12128): Elaborating entity "mod" for hierarchy "mod:moder" File: C:/Users/ASUS/OneDrive - Estudiantes ITCR/Documentos/Laboratorio_3/Experimento_1/ALU.sv Line: 53
Info (12128): Elaborating entity "and_gate" for hierarchy "and_gate:agate" File: C:/Users/ASUS/OneDrive - Estudiantes ITCR/Documentos/Laboratorio_3/Experimento_1/ALU.sv Line: 55
Info (12128): Elaborating entity "or_gate" for hierarchy "or_gate:ogate" File: C:/Users/ASUS/OneDrive - Estudiantes ITCR/Documentos/Laboratorio_3/Experimento_1/ALU.sv Line: 56
Info (12128): Elaborating entity "xor_gate" for hierarchy "xor_gate:xgate" File: C:/Users/ASUS/OneDrive - Estudiantes ITCR/Documentos/Laboratorio_3/Experimento_1/ALU.sv Line: 57
Info (12128): Elaborating entity "shifting" for hierarchy "shifting:shiftlft" File: C:/Users/ASUS/OneDrive - Estudiantes ITCR/Documentos/Laboratorio_3/Experimento_1/ALU.sv Line: 59
Info (12128): Elaborating entity "DisplayConverter" for hierarchy "DisplayConverter:converter1" File: C:/Users/ASUS/OneDrive - Estudiantes ITCR/Documentos/Laboratorio_3/Experimento_1/ALU.sv Line: 63
Warning (12241): 2 hierarchies have connectivity warnings - see the Connectivity Checks report folder
Info (144001): Generated suppressed messages file C:/Users/ASUS/OneDrive - Estudiantes ITCR/Documentos/Laboratorio_3/Experimento_1/output_files/ALU.map.smsg
Info: Quartus Prime Analysis & Elaboration was successful. 0 errors, 11 warnings
    Info: Peak virtual memory: 4791 megabytes
    Info: Processing ended: Mon Sep 11 20:28:50 2023
    Info: Elapsed time: 00:00:09
    Info: Total CPU time (on all processors): 00:00:12


+--------------------------------------------+
; Analysis & Elaboration Suppressed Messages ;
+--------------------------------------------+
The suppressed messages can be found in C:/Users/ASUS/OneDrive - Estudiantes ITCR/Documentos/Laboratorio_3/Experimento_1/output_files/ALU.map.smsg.


