Flow report for Processor
Wed Nov 22 11:42:00 2023
Quartus Prime Version 22.1std.2 Build 922 07/20/2023 SC Lite Edition


---------------------
; Table of Contents ;
---------------------
  1. Legal Notice
  2. Flow Summary
  3. Flow Settings
  4. Flow Non-Default Global Settings
  5. Flow Elapsed Time
  6. Flow OS Summary
  7. Flow Log
  8. Flow Messages
  9. Flow Suppressed Messages



----------------
; Legal Notice ;
----------------
Copyright (C) 2023  Intel Corporation. All rights reserved.
Your use of Intel Corporation's design tools, logic functions 
and other software and tools, and any partner logic 
functions, and any output files from any of the foregoing 
(including device programming or simulation files), and any 
associated documentation or information are expressly subject 
to the terms and conditions of the Intel Program License 
Subscription Agreement, the Intel Quartus Prime License Agreement,
the Intel FPGA IP License Agreement, or other applicable license
agreement, including, without limitation, that your use is for
the sole purpose of programming logic devices manufactured by
Intel and sold by Intel or its authorized distributors.  Please
refer to the applicable agreement for further details, at
https://fpgasoftware.intel.com/eula.



+----------------------------------------------------------------------------------+
; Flow Summary                                                                     ;
+---------------------------------+------------------------------------------------+
; Flow Status                     ; Successful - Wed Nov 22 11:42:00 2023          ;
; Quartus Prime Version           ; 22.1std.2 Build 922 07/20/2023 SC Lite Edition ;
; Revision Name                   ; Processor                                      ;
; Top-level Entity Name           ; top                                            ;
; Family                          ; Cyclone V                                      ;
; Device                          ; 5CSEMA5F31C6                                   ;
; Timing Models                   ; Final                                          ;
; Logic utilization (in ALMs)     ; 1,147 / 32,070 ( 4 % )                         ;
; Total registers                 ; 930                                            ;
; Total pins                      ; 31 / 457 ( 7 % )                               ;
; Total virtual pins              ; 0                                              ;
; Total block memory bits         ; 2,195,456 / 4,065,280 ( 54 % )                 ;
; Total DSP Blocks                ; 0 / 87 ( 0 % )                                 ;
; Total HSSI RX PCSs              ; 0                                              ;
; Total HSSI PMA RX Deserializers ; 0                                              ;
; Total HSSI TX PCSs              ; 0                                              ;
; Total HSSI PMA TX Serializers   ; 0                                              ;
; Total PLLs                      ; 1 / 6 ( 17 % )                                 ;
; Total DLLs                      ; 0 / 4 ( 0 % )                                  ;
+---------------------------------+------------------------------------------------+


+-----------------------------------------+
; Flow Settings                           ;
+-------------------+---------------------+
; Option            ; Setting             ;
+-------------------+---------------------+
; Start date & time ; 11/22/2023 11:38:49 ;
; Main task         ; Compilation         ;
; Revision Name     ; Processor           ;
+-------------------+---------------------+


+---------------------------------------------------------------------------------------------------------------------------------------------------------------+
; Flow Non-Default Global Settings                                                                                                                              ;
+--------------------------------------+----------------------------------------------------+---------------+---------------+-----------------------------------+
; Assignment Name                      ; Value                                              ; Default Value ; Entity Name   ; Section Id                        ;
+--------------------------------------+----------------------------------------------------+---------------+---------------+-----------------------------------+
; COMPILER_SIGNATURE_ID                ; 10995770589187.170067472917024                     ; --            ; --            ; --                                ;
; EDA_DESIGN_ENTRY_SYNTHESIS_TOOL      ; FPGA Compiler II                                   ; <None>        ; HalfClock.qip ; --                                ;
; EDA_DESIGN_INSTANCE_NAME             ; NA                                                 ; --            ; --            ; testbench                         ;
; EDA_GENERATE_FUNCTIONAL_NETLIST      ; Off                                                ; --            ; --            ; eda_board_design_timing           ;
; EDA_GENERATE_FUNCTIONAL_NETLIST      ; Off                                                ; --            ; --            ; eda_board_design_boundary_scan    ;
; EDA_GENERATE_FUNCTIONAL_NETLIST      ; Off                                                ; --            ; --            ; eda_board_design_signal_integrity ;
; EDA_GENERATE_FUNCTIONAL_NETLIST      ; Off                                                ; --            ; --            ; eda_board_design_symbol           ;
; EDA_INPUT_DATA_FORMAT                ; Edif                                               ; --            ; HalfClock.qip ; eda_design_synthesis              ;
; EDA_INPUT_GND_NAME                   ; Gnd                                                ; --            ; HalfClock.qip ; eda_design_synthesis              ;
; EDA_INPUT_VCC_NAME                   ; Vdd                                                ; --            ; HalfClock.qip ; eda_design_synthesis              ;
; EDA_LMF_FILE                         ; fpga_exp.lmf                                       ; --            ; HalfClock.qip ; eda_design_synthesis              ;
; EDA_NATIVELINK_SIMULATION_TEST_BENCH ; testbench                                          ; --            ; --            ; eda_simulation                    ;
; EDA_OUTPUT_DATA_FORMAT               ; Systemverilog Hdl                                  ; --            ; --            ; eda_simulation                    ;
; EDA_RUN_TOOL_AUTOMATICALLY           ; Off                                                ; --            ; HalfClock.qip ; eda_design_synthesis              ;
; EDA_SHOW_LMF_MAPPING_MESSAGES        ; Off                                                ; --            ; HalfClock.qip ; eda_design_synthesis              ;
; EDA_SIMULATION_TOOL                  ; ModelSim (SystemVerilog)                           ; <None>        ; --            ; --                                ;
; EDA_TEST_BENCH_ENABLE_STATUS         ; TEST_BENCH_MODE                                    ; --            ; --            ; eda_simulation                    ;
; EDA_TEST_BENCH_FILE                  ; testbench.sv                                       ; --            ; --            ; testbench                         ;
; EDA_TEST_BENCH_MODULE_NAME           ; testbench                                          ; --            ; --            ; testbench                         ;
; EDA_TEST_BENCH_NAME                  ; testbench                                          ; --            ; --            ; eda_simulation                    ;
; EDA_TIME_SCALE                       ; 1 ps                                               ; --            ; --            ; eda_simulation                    ;
; MAX_CORE_JUNCTION_TEMP               ; 85                                                 ; --            ; --            ; --                                ;
; MIN_CORE_JUNCTION_TEMP               ; 0                                                  ; --            ; --            ; --                                ;
; MISC_FILE                            ; RAM_Med.bsf                                        ; --            ; --            ; --                                ;
; MISC_FILE                            ; RAM_Med_inst.v                                     ; --            ; --            ; --                                ;
; MISC_FILE                            ; RAM_Med_bb.v                                       ; --            ; --            ; --                                ;
; MISC_FILE                            ; RAM_Med.inc                                        ; --            ; --            ; --                                ;
; MISC_FILE                            ; RAM_Med.cmp                                        ; --            ; --            ; --                                ;
; MISC_FILE                            ; RAM_Image.bsf                                      ; --            ; --            ; --                                ;
; MISC_FILE                            ; RAM_Image_inst.v                                   ; --            ; --            ; --                                ;
; MISC_FILE                            ; RAM_Image_bb.v                                     ; --            ; --            ; --                                ;
; MISC_FILE                            ; RAM_Image.inc                                      ; --            ; --            ; --                                ;
; MISC_FILE                            ; RAM_Image.cmp                                      ; --            ; --            ; --                                ;
; MISC_FILE                            ; ROM.bsf                                            ; --            ; --            ; --                                ;
; MISC_FILE                            ; ROM_inst.v                                         ; --            ; --            ; --                                ;
; MISC_FILE                            ; ROM_bb.v                                           ; --            ; --            ; --                                ;
; MISC_FILE                            ; ROM.inc                                            ; --            ; --            ; --                                ;
; MISC_FILE                            ; ROM.cmp                                            ; --            ; --            ; --                                ;
; MISC_FILE                            ; ROM_Instruction.bsf                                ; --            ; --            ; --                                ;
; MISC_FILE                            ; ROM_Instruction_inst.v                             ; --            ; --            ; --                                ;
; MISC_FILE                            ; ROM_Instruction_bb.v                               ; --            ; --            ; --                                ;
; MISC_FILE                            ; ROM_Instruction.inc                                ; --            ; --            ; --                                ;
; MISC_FILE                            ; ROM_Instruction.cmp                                ; --            ; --            ; --                                ;
; MISC_FILE                            ; ClockDividerProcessor.cmp                          ; --            ; --            ; --                                ;
; MISC_FILE                            ; ClockDividerProcessor_sim/ClockDividerProcessor.vo ; --            ; --            ; --                                ;
; PARTITION_COLOR                      ; -- (Not supported for targeted family)             ; --            ; top           ; Top                               ;
; PARTITION_FITTER_PRESERVATION_LEVEL  ; -- (Not supported for targeted family)             ; --            ; top           ; Top                               ;
; PARTITION_NETLIST_TYPE               ; -- (Not supported for targeted family)             ; --            ; top           ; Top                               ;
; POWER_BOARD_THERMAL_MODEL            ; None (CONSERVATIVE)                                ; --            ; --            ; --                                ;
; POWER_PRESET_COOLING_SOLUTION        ; 23 MM HEAT SINK WITH 200 LFPM AIRFLOW              ; --            ; --            ; --                                ;
; PROJECT_OUTPUT_DIRECTORY             ; output_files                                       ; --            ; --            ; --                                ;
; SPD_FILE                             ; ClockDividerProcessor.spd                          ; --            ; --            ; --                                ;
; SYNTHESIS_ONLY_QIP                   ; On                                                 ; --            ; --            ; --                                ;
; TOP_LEVEL_ENTITY                     ; top                                                ; Processor     ; --            ; --                                ;
+--------------------------------------+----------------------------------------------------+---------------+---------------+-----------------------------------+


+--------------------------------------------------------------------------------------------------------------------------+
; Flow Elapsed Time                                                                                                        ;
+----------------------+--------------+-------------------------+---------------------+------------------------------------+
; Module Name          ; Elapsed Time ; Average Processors Used ; Peak Virtual Memory ; Total CPU Time (on all processors) ;
+----------------------+--------------+-------------------------+---------------------+------------------------------------+
; Analysis & Synthesis ; 00:00:20     ; 1.0                     ; 4975 MB             ; 00:00:40                           ;
; Fitter               ; 00:02:22     ; 1.2                     ; 6814 MB             ; 00:08:46                           ;
; Assembler            ; 00:00:08     ; 1.0                     ; 4903 MB             ; 00:00:08                           ;
; Timing Analyzer      ; 00:00:13     ; 2.4                     ; 5317 MB             ; 00:00:26                           ;
; EDA Netlist Writer   ; 00:00:02     ; 1.0                     ; 4878 MB             ; 00:00:03                           ;
; Total                ; 00:03:05     ; --                      ; --                  ; 00:10:03                           ;
+----------------------+--------------+-------------------------+---------------------+------------------------------------+


+------------------------------------------------------------------------------------+
; Flow OS Summary                                                                    ;
+----------------------+------------------+------------+------------+----------------+
; Module Name          ; Machine Hostname ; OS Name    ; OS Version ; Processor type ;
+----------------------+------------------+------------+------------+----------------+
; Analysis & Synthesis ; DESKTOP-1EUPKRV  ; Windows 10 ; 10.0       ; x86_64         ;
; Fitter               ; DESKTOP-1EUPKRV  ; Windows 10 ; 10.0       ; x86_64         ;
; Assembler            ; DESKTOP-1EUPKRV  ; Windows 10 ; 10.0       ; x86_64         ;
; Timing Analyzer      ; DESKTOP-1EUPKRV  ; Windows 10 ; 10.0       ; x86_64         ;
; EDA Netlist Writer   ; DESKTOP-1EUPKRV  ; Windows 10 ; 10.0       ; x86_64         ;
+----------------------+------------------+------------+------------+----------------+


------------
; Flow Log ;
------------
quartus_map --read_settings_files=on --write_settings_files=off Processor -c Processor
quartus_fit --read_settings_files=off --write_settings_files=off Processor -c Processor
quartus_asm --read_settings_files=off --write_settings_files=off Processor -c Processor
quartus_sta Processor -c Processor
quartus_eda --read_settings_files=off --write_settings_files=off Processor -c Processor



